\BOOKMARK [1][]{section.1}{\376\377\000I\000.\000\040\000A\000N\000T\000E\000C\000E\000D\000E\000N\000T\000E\000S}{}% 1
\BOOKMARK [1][]{section.2}{\376\377\000I\000I\000.\000\040\000J\000U\000S\000T\000I\000F\000I\000C\000A\000C\000I\000\323\000N}{}% 2
\BOOKMARK [1][]{section.3}{\376\377\000I\000I\000I\000.\000\040\000O\000B\000J\000E\000T\000I\000V\000O\000S}{}% 3
\BOOKMARK [2][]{subsection.3.1}{\376\377\0003\000.\0001\000.\000\040\000O\000b\000j\000e\000t\000i\000v\000o\000\040\000G\000e\000n\000e\000r\000a\000l}{section.3}% 4
\BOOKMARK [2][]{subsection.3.2}{\376\377\0003\000.\0002\000.\000\040\000O\000b\000j\000e\000t\000i\000v\000o\000s\000\040\000E\000s\000p\000e\000c\000\355\000f\000i\000c\000o\000s}{section.3}% 5
\BOOKMARK [1][]{section.4}{\376\377\000I\000V\000.\000\040\000M\000A\000R\000C\000O\000\040\000T\000E\000\323\000R\000I\000C\000O}{}% 6
\BOOKMARK [2][]{subsection.4.1}{\376\377\0004\000.\0001\000.\000\040\000F\000a\000r\000m\000a\000c\000o\000l\000o\000g\000\355\000a}{section.4}% 7
\BOOKMARK [3][]{subsubsection.4.1.1}{\376\377\0004\000.\0001\000.\0001\000.\000\040\000O\000b\000j\000e\000t\000i\000v\000o\000s\000\040\000d\000e\000\040\000l\000a\000\040\000F\000a\000r\000m\000a\000c\000o\000l\000o\000g\000\355\000a}{subsection.4.1}% 8
\BOOKMARK [2][]{subsection.4.2}{\376\377\0004\000.\0002\000.\000\040\000C\000l\000\355\000n\000i\000c\000a\000\040\000V\000e\000t\000e\000r\000i\000n\000a\000r\000i\000a}{section.4}% 9
\BOOKMARK [3][]{subsubsection.4.2.1}{\376\377\0004\000.\0002\000.\0001\000.\000\040\000O\000b\000j\000e\000t\000i\000v\000o\000s\000\040\000d\000e\000\040\000l\000a\000\040\000C\000l\000\355\000n\000i\000c\000a\000\040\000V\000e\000t\000e\000r\000i\000n\000a\000r\000i\000a}{subsection.4.2}% 10
\BOOKMARK [2][]{subsection.4.3}{\376\377\0004\000.\0003\000.\000\040\000C\000o\000n\000c\000e\000p\000t\000o\000s\000\040\000G\000e\000n\000e\000r\000a\000l\000e\000s}{section.4}% 11
\BOOKMARK [3][]{subsubsection.4.3.1}{\376\377\0004\000.\0003\000.\0001\000.\000\040\000P\000a\000t\000o\000l\000o\000g\000\355\000a}{subsection.4.3}% 12
\BOOKMARK [3][]{subsubsection.4.3.2}{\376\377\0004\000.\0003\000.\0002\000.\000\040\000S\000\355\000n\000t\000o\000m\000a\000s}{subsection.4.3}% 13
\BOOKMARK [3][]{subsubsection.4.3.3}{\376\377\0004\000.\0003\000.\0003\000.\000\040\000D\000i\000a\000g\000n\000\363\000s\000t\000i\000c\000o}{subsection.4.3}% 14
\BOOKMARK [3][]{subsubsection.4.3.4}{\376\377\0004\000.\0003\000.\0004\000.\000\040\000T\000r\000a\000t\000a\000m\000i\000e\000n\000t\000o}{subsection.4.3}% 15
\BOOKMARK [3][]{subsubsection.4.3.5}{\376\377\0004\000.\0003\000.\0005\000.\000\040\000E\000x\000a\000m\000e\000n\000\040\000C\000l\000\355\000n\000i\000c\000o}{subsection.4.3}% 16
\BOOKMARK [4][]{paragraph.4.3.5.1}{\376\377\0004\000.\0003\000.\0005\000.\0001\000\040\000P\000r\000i\000m\000a\000r\000i\000o\000s\000:}{subsubsection.4.3.5}% 17
\BOOKMARK [4][]{paragraph.4.3.5.2}{\376\377\0004\000.\0003\000.\0005\000.\0002\000\040\000S\000e\000c\000u\000n\000d\000a\000r\000i\000o\000s\000:}{subsubsection.4.3.5}% 18
\BOOKMARK [3][]{subsubsection.4.3.6}{\376\377\0004\000.\0003\000.\0006\000.\000\040\000T\000\351\000c\000n\000i\000c\000a\000\040\000Q\000u\000i\000r\000\372\000r\000g\000i\000c\000a}{subsection.4.3}% 19
\BOOKMARK [3][]{subsubsection.4.3.7}{\376\377\0004\000.\0003\000.\0007\000.\000\040\000A\000n\000e\000s\000t\000e\000s\000i\000a}{subsection.4.3}% 20
\BOOKMARK [3][]{subsubsection.4.3.8}{\376\377\0004\000.\0003\000.\0008\000.\000\040\000F\000l\000u\000i\000d\000o\000-\000t\000e\000r\000a\000p\000i\000a}{subsection.4.3}% 21
\BOOKMARK [3][]{subsubsection.4.3.9}{\376\377\0004\000.\0003\000.\0009\000.\000\040\000T\000r\000a\000n\000q\000u\000i\000l\000i\000z\000a\000n\000t\000e}{subsection.4.3}% 22
\BOOKMARK [3][]{subsubsection.4.3.10}{\376\377\0004\000.\0003\000.\0001\0000\000.\000\040\000C\000o\000n\000t\000r\000o\000l\000\040\000y\000\040\000P\000r\000o\000f\000i\000l\000a\000x\000i\000s}{subsection.4.3}% 23
\BOOKMARK [2][]{subsection.4.4}{\376\377\0004\000.\0004\000.\000\040\000V\000a\000c\000u\000n\000a\000c\000i\000\363\000n}{section.4}% 24
\BOOKMARK [2][]{subsection.4.5}{\376\377\0004\000.\0005\000.\000\040\000E\000n\000f\000e\000r\000m\000e\000d\000a\000d\000e\000s\000\040\000e\000n\000\040\000A\000n\000i\000m\000a\000l\000e\000s\000\040\000M\000e\000n\000o\000r\000e\000s\000\040\000y\000\040\000M\000a\000y\000o\000r\000e\000s}{section.4}% 25
\BOOKMARK [3][]{subsubsection.4.5.1}{\376\377\0004\000.\0005\000.\0001\000.\000\040\000P\000a\000r\000v\000o\000\040\000V\000i\000r\000u\000s\000\040\000C\000a\000n\000i\000n\000o}{subsection.4.5}% 26
\BOOKMARK [4][]{paragraph.4.5.1.1}{\376\377\0004\000.\0005\000.\0001\000.\0001\000\040\000S\000i\000n\000o\000n\000i\000m\000i\000a\000:}{subsubsection.4.5.1}% 27
\BOOKMARK [4][]{paragraph.4.5.1.2}{\376\377\0004\000.\0005\000.\0001\000.\0002\000\040\000E\000t\000i\000o\000l\000o\000g\000\355\000a\000:}{subsubsection.4.5.1}% 28
\BOOKMARK [4][]{paragraph.4.5.1.3}{\376\377\0004\000.\0005\000.\0001\000.\0003\000\040\000D\000e\000f\000i\000n\000i\000c\000i\000\363\000n\000:}{subsubsection.4.5.1}% 29
\BOOKMARK [4][]{paragraph.4.5.1.4}{\376\377\0004\000.\0005\000.\0001\000.\0004\000\040\000S\000\355\000n\000t\000o\000m\000a\000:}{subsubsection.4.5.1}% 30
\BOOKMARK [4][]{paragraph.4.5.1.5}{\376\377\0004\000.\0005\000.\0001\000.\0005\000\040\000L\000e\000s\000i\000o\000n\000e\000s\000\040\000M\000a\000c\000r\000o\000s\000c\000\363\000p\000i\000c\000a\000s\000:}{subsubsection.4.5.1}% 31
\BOOKMARK [4][]{paragraph.4.5.1.6}{\376\377\0004\000.\0005\000.\0001\000.\0006\000\040\000L\000e\000s\000i\000o\000n\000e\000s\000\040\000M\000i\000c\000r\000o\000s\000c\000\363\000p\000i\000c\000a\000s\000:}{subsubsection.4.5.1}% 32
\BOOKMARK [4][]{paragraph.4.5.1.7}{\376\377\0004\000.\0005\000.\0001\000.\0007\000\040\000D\000i\000a\000g\000n\000\363\000s\000t\000i\000c\000o\000:}{subsubsection.4.5.1}% 33
\BOOKMARK [4][]{paragraph.4.5.1.8}{\376\377\0004\000.\0005\000.\0001\000.\0008\000\040\000T\000r\000a\000t\000a\000m\000i\000e\000n\000t\000o\000:}{subsubsection.4.5.1}% 34
\BOOKMARK [4][]{paragraph.4.5.1.9}{\376\377\0004\000.\0005\000.\0001\000.\0009\000\040\000P\000r\000e\000v\000e\000n\000c\000i\000\363\000n\000:}{subsubsection.4.5.1}% 35
\BOOKMARK [3][]{subsubsection.4.5.2}{\376\377\0004\000.\0005\000.\0002\000.\000\040\000M\000o\000q\000u\000i\000l\000l\000o\000\040\000C\000a\000n\000i\000n\000o}{subsection.4.5}% 36
\BOOKMARK [4][]{paragraph.4.5.2.1}{\376\377\0004\000.\0005\000.\0002\000.\0001\000\040\000S\000i\000n\000o\000n\000i\000m\000i\000a\000:}{subsubsection.4.5.2}% 37
\BOOKMARK [4][]{paragraph.4.5.2.2}{\376\377\0004\000.\0005\000.\0002\000.\0002\000\040\000A\000g\000e\000n\000t\000e\000\040\000E\000t\000i\000o\000l\000\363\000g\000i\000c\000o\000:}{subsubsection.4.5.2}% 38
\BOOKMARK [4][]{paragraph.4.5.2.3}{\376\377\0004\000.\0005\000.\0002\000.\0003\000\040\000D\000e\000f\000i\000n\000i\000c\000i\000\363\000n\000:}{subsubsection.4.5.2}% 39
\BOOKMARK [4][]{paragraph.4.5.2.4}{\376\377\0004\000.\0005\000.\0002\000.\0004\000\040\000S\000i\000g\000n\000o\000s\000\040\000C\000l\000\355\000n\000i\000c\000o\000s\000:}{subsubsection.4.5.2}% 40
\BOOKMARK [4][]{paragraph.4.5.2.5}{\376\377\0004\000.\0005\000.\0002\000.\0005\000\040\000L\000e\000s\000i\000o\000n\000e\000s\000\040\000M\000a\000c\000r\000o\000s\000c\000\363\000p\000i\000c\000a\000s\000:}{subsubsection.4.5.2}% 41
\BOOKMARK [4][]{paragraph.4.5.2.6}{\376\377\0004\000.\0005\000.\0002\000.\0006\000\040\000L\000e\000s\000i\000o\000n\000e\000s\000\040\000M\000i\000c\000r\000o\000s\000c\000\363\000p\000i\000c\000a\000s\000:}{subsubsection.4.5.2}% 42
\BOOKMARK [4][]{paragraph.4.5.2.7}{\376\377\0004\000.\0005\000.\0002\000.\0007\000\040\000D\000i\000a\000g\000n\000\363\000s\000t\000i\000c\000o\000:}{subsubsection.4.5.2}% 43
\BOOKMARK [4][]{paragraph.4.5.2.8}{\376\377\0004\000.\0005\000.\0002\000.\0008\000\040\000T\000r\000a\000t\000a\000m\000i\000e\000n\000t\000o\000:}{subsubsection.4.5.2}% 44
\BOOKMARK [4][]{paragraph.4.5.2.9}{\376\377\0004\000.\0005\000.\0002\000.\0009\000\040\000P\000r\000e\000v\000e\000n\000c\000i\000\363\000n\000:}{subsubsection.4.5.2}% 45
\BOOKMARK [3][]{subsubsection.4.5.3}{\376\377\0004\000.\0005\000.\0003\000.\000\040\000R\000a\000b\000i\000a}{subsection.4.5}% 46
\BOOKMARK [4][]{paragraph.4.5.3.1}{\376\377\0004\000.\0005\000.\0003\000.\0001\000\040\000S\000i\000n\000o\000n\000i\000m\000i\000a\000:}{subsubsection.4.5.3}% 47
\BOOKMARK [4][]{paragraph.4.5.3.2}{\376\377\0004\000.\0005\000.\0003\000.\0002\000\040\000A\000g\000e\000n\000t\000e\000\040\000E\000t\000i\000o\000l\000\363\000g\000i\000c\000o\000:}{subsubsection.4.5.3}% 48
\BOOKMARK [4][]{paragraph.4.5.3.3}{\376\377\0004\000.\0005\000.\0003\000.\0003\000\040\000D\000e\000f\000i\000n\000i\000c\000i\000\363\000n\000:}{subsubsection.4.5.3}% 49
\BOOKMARK [4][]{paragraph.4.5.3.4}{\376\377\0004\000.\0005\000.\0003\000.\0004\000\040\000S\000i\000g\000n\000o\000s\000\040\000C\000l\000\355\000n\000i\000c\000o\000s\000:}{subsubsection.4.5.3}% 50
\BOOKMARK [4][]{paragraph.4.5.3.5}{\376\377\0004\000.\0005\000.\0003\000.\0005\000\040\000L\000e\000s\000i\000\363\000n\000\040\000M\000a\000c\000r\000o\000s\000c\000\363\000p\000i\000c\000a\000:}{subsubsection.4.5.3}% 51
\BOOKMARK [4][]{paragraph.4.5.3.6}{\376\377\0004\000.\0005\000.\0003\000.\0006\000\040\000L\000e\000s\000i\000\363\000n\000\040\000M\000i\000c\000r\000o\000s\000c\000\363\000p\000i\000c\000a\000:}{subsubsection.4.5.3}% 52
\BOOKMARK [4][]{paragraph.4.5.3.7}{\376\377\0004\000.\0005\000.\0003\000.\0007\000\040\000D\000i\000a\000g\000n\000\363\000s\000t\000i\000c\000o\000:}{subsubsection.4.5.3}% 53
\BOOKMARK [4][]{paragraph.4.5.3.8}{\376\377\0004\000.\0005\000.\0003\000.\0008\000\040\000T\000r\000a\000t\000a\000m\000i\000e\000n\000t\000o\000:}{subsubsection.4.5.3}% 54
\BOOKMARK [4][]{paragraph.4.5.3.9}{\376\377\0004\000.\0005\000.\0003\000.\0009\000\040\000P\000r\000e\000v\000e\000n\000c\000i\000\363\000n\000:}{subsubsection.4.5.3}% 55
\BOOKMARK [3][]{subsubsection.4.5.4}{\376\377\0004\000.\0005\000.\0004\000.\000\040\000H\000e\000p\000a\000t\000i\000t\000i\000s}{subsection.4.5}% 56
\BOOKMARK [4][]{paragraph.4.5.4.1}{\376\377\0004\000.\0005\000.\0004\000.\0001\000\040\000S\000i\000n\000o\000n\000i\000m\000i\000a\000:}{subsubsection.4.5.4}% 57
\BOOKMARK [4][]{paragraph.4.5.4.2}{\376\377\0004\000.\0005\000.\0004\000.\0002\000\040\000A\000g\000e\000n\000t\000e\000\040\000E\000t\000i\000o\000l\000\363\000g\000i\000c\000o\000:}{subsubsection.4.5.4}% 58
\BOOKMARK [4][]{paragraph.4.5.4.3}{\376\377\0004\000.\0005\000.\0004\000.\0003\000\040\000S\000\355\000n\000t\000o\000m\000a\000s\000:}{subsubsection.4.5.4}% 59
\BOOKMARK [4][]{paragraph.4.5.4.4}{\376\377\0004\000.\0005\000.\0004\000.\0004\000\040\000L\000e\000s\000i\000o\000n\000e\000s\000\040\000M\000a\000c\000r\000o\000s\000c\000\363\000p\000i\000c\000a\000s\000:}{subsubsection.4.5.4}% 60
\BOOKMARK [4][]{paragraph.4.5.4.5}{\376\377\0004\000.\0005\000.\0004\000.\0005\000\040\000L\000e\000s\000i\000o\000n\000e\000s\000\040\000M\000i\000r\000c\000r\000o\000s\000c\000\363\000p\000i\000c\000a\000s\000:}{subsubsection.4.5.4}% 61
\BOOKMARK [4][]{paragraph.4.5.4.6}{\376\377\0004\000.\0005\000.\0004\000.\0006\000\040\000D\000i\000a\000g\000n\000\363\000s\000t\000i\000c\000o\000:}{subsubsection.4.5.4}% 62
\BOOKMARK [4][]{paragraph.4.5.4.7}{\376\377\0004\000.\0005\000.\0004\000.\0007\000\040\000T\000r\000a\000t\000a\000m\000i\000e\000n\000t\000o\000:}{subsubsection.4.5.4}% 63
\BOOKMARK [4][]{paragraph.4.5.4.8}{\376\377\0004\000.\0005\000.\0004\000.\0008\000\040\000P\000r\000e\000v\000e\000n\000c\000i\000\363\000n\000:}{subsubsection.4.5.4}% 64
\BOOKMARK [3][]{subsubsection.4.5.5}{\376\377\0004\000.\0005\000.\0005\000.\000\040\000C\000o\000n\000s\000t\000i\000p\000a\000c\000i\000\363\000n}{subsection.4.5}% 65
\BOOKMARK [4][]{paragraph.4.5.5.1}{\376\377\0004\000.\0005\000.\0005\000.\0001\000\040\000S\000\355\000n\000t\000o\000m\000a\000s\000:}{subsubsection.4.5.5}% 66
\BOOKMARK [4][]{paragraph.4.5.5.2}{\376\377\0004\000.\0005\000.\0005\000.\0002\000\040\000T\000r\000a\000t\000a\000m\000i\000e\000n\000t\000o\000:}{subsubsection.4.5.5}% 67
\BOOKMARK [3][]{subsubsection.4.5.6}{\376\377\0004\000.\0005\000.\0006\000.\000\040\000G\000a\000s\000t\000r\000o\000e\000n\000t\000e\000r\000i\000t\000i\000s\000\040\000H\000e\000m\000o\000r\000r\000\341\000g\000i\000c\000a\000\040\000C\000a\000n\000i\000n\000a}{subsection.4.5}% 68
\BOOKMARK [4][]{paragraph.4.5.6.1}{\376\377\0004\000.\0005\000.\0006\000.\0001\000\040\000E\000t\000i\000o\000l\000o\000g\000\355\000a\000:}{subsubsection.4.5.6}% 69
\BOOKMARK [4][]{paragraph.4.5.6.2}{\376\377\0004\000.\0005\000.\0006\000.\0002\000\040\000S\000i\000g\000n\000o\000s\000:}{subsubsection.4.5.6}% 70
\BOOKMARK [4][]{paragraph.4.5.6.3}{\376\377\0004\000.\0005\000.\0006\000.\0003\000\040\000D\000i\000a\000g\000n\000\363\000s\000t\000i\000c\000o\000\040\000D\000i\000f\000e\000r\000e\000n\000c\000i\000a\000l\000:}{subsubsection.4.5.6}% 71
\BOOKMARK [4][]{paragraph.4.5.6.4}{\376\377\0004\000.\0005\000.\0006\000.\0004\000\040\000L\000e\000s\000i\000o\000n\000e\000s\000\040\000M\000a\000c\000r\000o\000s\000c\000\363\000p\000i\000c\000a\000s\000:}{subsubsection.4.5.6}% 72
\BOOKMARK [4][]{paragraph.4.5.6.5}{\376\377\0004\000.\0005\000.\0006\000.\0005\000\040\000T\000r\000a\000t\000a\000m\000i\000e\000n\000t\000o\000:}{subsubsection.4.5.6}% 73
\BOOKMARK [3][]{subsubsection.4.5.7}{\376\377\0004\000.\0005\000.\0007\000.\000\040\000S\000a\000r\000n\000a\000\040\000C\000a\000n\000i\000n\000a}{subsection.4.5}% 74
\BOOKMARK [4][]{paragraph.4.5.7.1}{\376\377\0004\000.\0005\000.\0007\000.\0001\000\040\000A\000g\000e\000n\000t\000e\000\040\000E\000t\000i\000o\000l\000\363\000g\000i\000c\000o\000:}{subsubsection.4.5.7}% 75
\BOOKMARK [4][]{paragraph.4.5.7.2}{\376\377\0004\000.\0005\000.\0007\000.\0002\000\040\000S\000i\000n\000t\000o\000m\000a\000t\000o\000l\000o\000g\000\355\000a\000:}{subsubsection.4.5.7}% 76
\BOOKMARK [4][]{paragraph.4.5.7.3}{\376\377\0004\000.\0005\000.\0007\000.\0003\000\040\000T\000r\000a\000t\000a\000m\000i\000e\000n\000t\000o\000:}{subsubsection.4.5.7}% 77
\BOOKMARK [3][]{subsubsection.4.5.8}{\376\377\0004\000.\0005\000.\0008\000.\000\040\000T\000u\000m\000o\000r\000\040\000V\000e\000n\000\351\000r\000e\000o\000\040\000T\000r\000a\000n\000s\000m\000i\000s\000i\000b\000l\000e\000\040\000C\000a\000n\000i\000n\000o\000\040\000\050\000T\000V\000T\000\051}{subsection.4.5}% 78
\BOOKMARK [4][]{paragraph.4.5.8.1}{\376\377\0004\000.\0005\000.\0008\000.\0001\000\040\000S\000i\000n\000o\000n\000i\000m\000i\000a\000:}{subsubsection.4.5.8}% 79
\BOOKMARK [4][]{paragraph.4.5.8.2}{\376\377\0004\000.\0005\000.\0008\000.\0002\000\040\000E\000t\000i\000o\000l\000o\000g\000\355\000a\000:}{subsubsection.4.5.8}% 80
\BOOKMARK [4][]{paragraph.4.5.8.3}{\376\377\0004\000.\0005\000.\0008\000.\0003\000\040\000T\000r\000a\000n\000s\000m\000i\000s\000i\000\363\000n\000:}{subsubsection.4.5.8}% 81
\BOOKMARK [4][]{paragraph.4.5.8.4}{\376\377\0004\000.\0005\000.\0008\000.\0004\000\040\000S\000i\000g\000n\000o\000s\000\040\000C\000l\000\355\000n\000i\000c\000o\000s\000:}{subsubsection.4.5.8}% 82
\BOOKMARK [4][]{paragraph.4.5.8.5}{\376\377\0004\000.\0005\000.\0008\000.\0005\000\040\000D\000i\000a\000g\000n\000\363\000s\000t\000i\000c\000o\000.}{subsubsection.4.5.8}% 83
\BOOKMARK [4][]{paragraph.4.5.8.6}{\376\377\0004\000.\0005\000.\0008\000.\0006\000\040\000D\000i\000a\000g\000n\000\363\000s\000t\000i\000c\000o\000\040\000D\000i\000f\000e\000r\000e\000n\000c\000i\000a\000l\000:}{subsubsection.4.5.8}% 84
\BOOKMARK [4][]{paragraph.4.5.8.7}{\376\377\0004\000.\0005\000.\0008\000.\0007\000\040\000T\000r\000a\000t\000a\000m\000i\000e\000n\000t\000o\000:}{subsubsection.4.5.8}% 85
\BOOKMARK [4][]{paragraph.4.5.8.8}{\376\377\0004\000.\0005\000.\0008\000.\0008\000\040\000P\000r\000e\000v\000e\000n\000c\000i\000\363\000n\000:}{subsubsection.4.5.8}% 86
\BOOKMARK [3][]{subsubsection.4.5.9}{\376\377\0004\000.\0005\000.\0009\000.\000\040\000C\000a\000r\000b\000\372\000n\000c\000u\000l\000o\000\040\000H\000e\000m\000\341\000t\000i\000c\000o}{subsection.4.5}% 87
\BOOKMARK [4][]{paragraph.4.5.9.1}{\376\377\0004\000.\0005\000.\0009\000.\0001\000\040\000S\000i\000n\000o\000n\000i\000m\000i\000a\000:}{subsubsection.4.5.9}% 88
\BOOKMARK [4][]{paragraph.4.5.9.2}{\376\377\0004\000.\0005\000.\0009\000.\0002\000\040\000A\000g\000e\000n\000t\000e\000\040\000E\000t\000i\000o\000l\000\363\000g\000i\000c\000o\000:}{subsubsection.4.5.9}% 89
\BOOKMARK [4][]{paragraph.4.5.9.3}{\376\377\0004\000.\0005\000.\0009\000.\0003\000\040\000P\000a\000t\000o\000g\000e\000n\000i\000a\000:}{subsubsection.4.5.9}% 90
\BOOKMARK [4][]{paragraph.4.5.9.4}{\376\377\0004\000.\0005\000.\0009\000.\0004\000\040\000S\000i\000n\000t\000o\000m\000a\000t\000o\000l\000o\000g\000\355\000a\000:}{subsubsection.4.5.9}% 91
\BOOKMARK [4][]{paragraph.4.5.9.5}{\376\377\0004\000.\0005\000.\0009\000.\0005\000\040\000P\000r\000e\000v\000e\000n\000c\000i\000\363\000n\000:}{subsubsection.4.5.9}% 92
\BOOKMARK [3][]{subsubsection.4.5.10}{\376\377\0004\000.\0005\000.\0001\0000\000.\000\040\000B\000r\000u\000c\000e\000l\000o\000s\000i\000s\000\040\000B\000o\000v\000i\000n\000a}{subsection.4.5}% 93
\BOOKMARK [4][]{paragraph.4.5.10.1}{\376\377\0004\000.\0005\000.\0001\0000\000.\0001\000\040\000S\000i\000n\000o\000n\000i\000m\000i\000a\000:}{subsubsection.4.5.10}% 94
\BOOKMARK [4][]{paragraph.4.5.10.2}{\376\377\0004\000.\0005\000.\0001\0000\000.\0002\000\040\000E\000t\000i\000o\000l\000o\000g\000\355\000a\000:}{subsubsection.4.5.10}% 95
\BOOKMARK [4][]{paragraph.4.5.10.3}{\376\377\0004\000.\0005\000.\0001\0000\000.\0003\000\040\000P\000a\000t\000o\000g\000e\000n\000i\000a\000:}{subsubsection.4.5.10}% 96
\BOOKMARK [4][]{paragraph.4.5.10.4}{\376\377\0004\000.\0005\000.\0001\0000\000.\0004\000\040\000E\000s\000p\000e\000c\000i\000e\000\040\000S\000u\000s\000c\000e\000p\000t\000i\000b\000l\000e\000:}{subsubsection.4.5.10}% 97
\BOOKMARK [4][]{paragraph.4.5.10.5}{\376\377\0004\000.\0005\000.\0001\0000\000.\0005\000\040\000F\000u\000e\000n\000t\000e\000s\000\040\000d\000e\000\040\000I\000n\000f\000e\000c\000c\000i\000\363\000n\000:}{subsubsection.4.5.10}% 98
\BOOKMARK [4][]{paragraph.4.5.10.6}{\376\377\0004\000.\0005\000.\0001\0000\000.\0006\000\040\000P\000e\000r\000i\000o\000d\000o\000\040\000d\000e\000\040\000I\000n\000c\000u\000b\000a\000c\000i\000\363\000n\000:}{subsubsection.4.5.10}% 99
\BOOKMARK [4][]{paragraph.4.5.10.7}{\376\377\0004\000.\0005\000.\0001\0000\000.\0007\000\040\000M\000o\000r\000b\000i\000l\000i\000d\000a\000d\000\040\000y\000\040\000M\000o\000r\000t\000a\000l\000i\000d\000a\000d\000:}{subsubsection.4.5.10}% 100
\BOOKMARK [4][]{paragraph.4.5.10.8}{\376\377\0004\000.\0005\000.\0001\0000\000.\0008\000\040\000S\000i\000g\000n\000o\000s\000\040\000C\000l\000\355\000n\000i\000c\000o\000s\000:}{subsubsection.4.5.10}% 101
\BOOKMARK [4][]{paragraph.4.5.10.9}{\376\377\0004\000.\0005\000.\0001\0000\000.\0009\000\040\000D\000i\000a\000g\000n\000\363\000s\000t\000i\000c\000o\000s\000:}{subsubsection.4.5.10}% 102
\BOOKMARK [4][]{paragraph.4.5.10.10}{\376\377\0004\000.\0005\000.\0001\0000\000.\0001\0000\000\040\000T\000r\000a\000t\000a\000m\000i\000e\000n\000t\000o\000:}{subsubsection.4.5.10}% 103
\BOOKMARK [4][]{paragraph.4.5.10.11}{\376\377\0004\000.\0005\000.\0001\0000\000.\0001\0001\000\040\000P\000r\000e\000v\000e\000n\000c\000i\000\363\000n\000\040\000y\000\040\000C\000o\000n\000t\000r\000o\000l\000:}{subsubsection.4.5.10}% 104
\BOOKMARK [3][]{subsubsection.4.5.11}{\376\377\0004\000.\0005\000.\0001\0001\000.\000\040\000F\000i\000e\000b\000r\000e\000\040\000A\000f\000t\000o\000s\000a}{subsection.4.5}% 105
\BOOKMARK [4][]{paragraph.4.5.11.1}{\376\377\0004\000.\0005\000.\0001\0001\000.\0001\000\040\000E\000t\000i\000o\000l\000o\000g\000\355\000a\000:}{subsubsection.4.5.11}% 106
\BOOKMARK [4][]{paragraph.4.5.11.2}{\376\377\0004\000.\0005\000.\0001\0001\000.\0002\000\040\000S\000\355\000n\000t\000o\000m\000a\000s\000:}{subsubsection.4.5.11}% 107
\BOOKMARK [4][]{paragraph.4.5.11.3}{\376\377\0004\000.\0005\000.\0001\0001\000.\0003\000\040\000D\000i\000a\000g\000n\000\363\000s\000t\000i\000c\000o\000:}{subsubsection.4.5.11}% 108
\BOOKMARK [4][]{paragraph.4.5.11.4}{\376\377\0004\000.\0005\000.\0001\0001\000.\0004\000\040\000T\000r\000a\000t\000a\000m\000i\000e\000n\000t\000o\000:}{subsubsection.4.5.11}% 109
\BOOKMARK [3][]{subsubsection.4.5.12}{\376\377\0004\000.\0005\000.\0001\0002\000.\000\040\000T\000u\000b\000e\000r\000c\000u\000l\000o\000s\000i\000s\000\040\000B\000o\000v\000i\000n\000a}{subsection.4.5}% 110
\BOOKMARK [4][]{paragraph.4.5.12.1}{\376\377\0004\000.\0005\000.\0001\0002\000.\0001\000\040\000E\000t\000i\000o\000l\000o\000g\000\355\000a\000:}{subsubsection.4.5.12}% 111
\BOOKMARK [4][]{paragraph.4.5.12.2}{\376\377\0004\000.\0005\000.\0001\0002\000.\0002\000\040\000S\000\355\000n\000t\000o\000m\000a\000s\000:}{subsubsection.4.5.12}% 112
\BOOKMARK [4][]{paragraph.4.5.12.3}{\376\377\0004\000.\0005\000.\0001\0002\000.\0003\000\040\000D\000i\000a\000g\000n\000\363\000s\000t\000i\000c\000o\000:}{subsubsection.4.5.12}% 113
\BOOKMARK [4][]{paragraph.4.5.12.4}{\376\377\0004\000.\0005\000.\0001\0002\000.\0004\000\040\000T\000r\000a\000t\000a\000m\000i\000e\000n\000t\000o\000:}{subsubsection.4.5.12}% 114
\BOOKMARK [2][]{subsection.4.6}{\376\377\0004\000.\0006\000.\000\040\000C\000i\000r\000u\000g\000\355\000a\000\040\000e\000n\000\040\000A\000n\000i\000m\000a\000l\000e\000s\000\040\000M\000e\000n\000o\000r\000e\000s}{section.4}% 115
\BOOKMARK [3][]{subsubsection.4.6.1}{\376\377\0004\000.\0006\000.\0001\000.\000\040\000C\000e\000s\000\341\000r\000e\000a\000\040\000e\000n\000\040\000C\000a\000n\000e\000s}{subsection.4.6}% 116
\BOOKMARK [4][]{paragraph.4.6.1.1}{\376\377\0004\000.\0006\000.\0001\000.\0001\000\040\000M\000a\000t\000e\000r\000i\000a\000l\000e\000s}{subsubsection.4.6.1}% 117
\BOOKMARK [4][]{paragraph.4.6.1.2}{\376\377\0004\000.\0006\000.\0001\000.\0002\000\040\000P\000r\000o\000c\000e\000d\000i\000m\000i\000e\000n\000t\000o\000:}{subsubsection.4.6.1}% 118
\BOOKMARK [1][]{section.5}{\376\377\000V\000.\000\040\000M\000A\000R\000C\000O\000\040\000C\000O\000N\000T\000E\000X\000T\000U\000A\000L}{}% 119
\BOOKMARK [2][]{subsection.5.1}{\376\377\0005\000.\0001\000.\000\040\000A\000s\000p\000e\000c\000t\000o\000s\000\040\000F\000\355\000s\000i\000c\000o\000\040\000G\000e\000o\000g\000r\000\341\000f\000i\000c\000o}{section.5}% 120
\BOOKMARK [3][]{subsubsection.5.1.1}{\376\377\0005\000.\0001\000.\0001\000.\000\040\000U\000b\000i\000c\000a\000c\000i\000\363\000n\000\040\000G\000e\000o\000g\000r\000\341\000f\000i\000c\000a}{subsection.5.1}% 121
\BOOKMARK [4][]{paragraph.5.1.1.1}{\376\377\0005\000.\0001\000.\0001\000.\0001\000\040\000M\000a\000c\000r\000o\000\040\000L\000o\000c\000a\000l\000i\000z\000a\000c\000i\000\363\000n\000:}{subsubsection.5.1.1}% 122
\BOOKMARK [4][]{paragraph.5.1.1.2}{\376\377\0005\000.\0001\000.\0001\000.\0002\000\040\000M\000i\000c\000r\000o\000\040\000L\000o\000c\000a\000l\000i\000z\000a\000c\000i\000\363\000n\000:}{subsubsection.5.1.1}% 123
\BOOKMARK [2][]{subsection.5.2}{\376\377\0005\000.\0002\000.\000\040\000C\000l\000i\000m\000a}{section.5}% 124
\BOOKMARK [2][]{subsection.5.3}{\376\377\0005\000.\0003\000.\000\040\000P\000r\000e\000c\000i\000p\000i\000t\000a\000c\000i\000\363\000n\000\040\000F\000l\000u\000v\000i\000a\000l}{section.5}% 125
\BOOKMARK [2][]{subsection.5.4}{\376\377\0005\000.\0004\000.\000\040\000C\000a\000r\000a\000c\000t\000e\000r\000\355\000s\000t\000i\000c\000a\000s\000\040\000S\000o\000c\000i\000o\000\040\000D\000e\000m\000o\000g\000r\000\341\000f\000i\000c\000a\000s}{section.5}% 126
\BOOKMARK [1][]{section.6}{\376\377\000V\000I\000.\000\040\000M\000E\000T\000O\000D\000O\000L\000O\000G\000\315\000A}{}% 127
\BOOKMARK [2][]{subsection.6.1}{\376\377\0006\000.\0001\000.\000\040\000E\000s\000t\000r\000a\000t\000e\000g\000i\000a\000\040\000M\000e\000t\000o\000d\000o\000l\000\363\000g\000i\000c\000a}{section.6}% 128
\BOOKMARK [2][]{subsection.6.2}{\376\377\0006\000.\0002\000.\000\040\000M\000\351\000t\000o\000d\000o\000s\000\040\000T\000e\000\363\000r\000i\000c\000o\000s}{section.6}% 129
\BOOKMARK [3][]{subsubsection.6.2.1}{\376\377\0006\000.\0002\000.\0001\000.\000\040\000M\000\351\000t\000o\000d\000o\000\040\000I\000n\000d\000u\000c\000t\000i\000v\000o}{subsection.6.2}% 130
\BOOKMARK [3][]{subsubsection.6.2.2}{\376\377\0006\000.\0002\000.\0002\000.\000\040\000M\000\351\000t\000o\000d\000o\000\040\000D\000e\000d\000u\000c\000t\000i\000v\000o}{subsection.6.2}% 131
\BOOKMARK [2][]{subsection.6.3}{\376\377\0006\000.\0003\000.\000\040\000D\000i\000a\000g\000n\000\363\000s\000t\000i\000c\000o\000\040\000S\000e\000m\000i\000o\000l\000\363\000g\000i\000c\000o\000\040\000\050\000M\000\351\000t\000o\000d\000o\000\040\000C\000l\000\355\000n\000i\000c\000o\000\051}{section.6}% 132
\BOOKMARK [3][]{subsubsection.6.3.1}{\376\377\0006\000.\0003\000.\0001\000.\000\040\000E\000x\000a\000m\000e\000n\000\040\000F\000\355\000s\000i\000c\000o\000\040\000\050\000E\000x\000p\000l\000o\000r\000a\000c\000i\000\363\000n\000\040\000C\000l\000\355\000n\000i\000c\000a\000\051}{subsection.6.3}% 133
\BOOKMARK [2][]{subsection.6.4}{\376\377\0006\000.\0004\000.\000\040\000M\000\351\000t\000o\000d\000o\000s\000\040\000E\000s\000p\000e\000c\000i\000a\000l\000i\000z\000a\000d\000o\000s\000\040\000d\000e\000\040\000l\000a\000\040\000C\000l\000\355\000n\000i\000c\000a}{section.6}% 134
\BOOKMARK [3][]{subsubsection.6.4.1}{\376\377\0006\000.\0004\000.\0001\000.\000\040\000M\000\351\000t\000o\000d\000o\000\040\000F\000a\000r\000m\000a\000c\000o\000l\000\363\000g\000i\000c\000o}{subsection.6.4}% 135
\BOOKMARK [3][]{subsubsection.6.4.2}{\376\377\0006\000.\0004\000.\0002\000.\000\040\000M\000\351\000t\000o\000d\000o\000\040\000Q\000u\000i\000r\000\372\000r\000g\000i\000c\000o}{subsection.6.4}% 136
\BOOKMARK [3][]{subsubsection.6.4.3}{\376\377\0006\000.\0004\000.\0003\000.\000\040\000M\000\351\000t\000o\000d\000o\000\040\000T\000e\000r\000a\000p\000\351\000u\000t\000i\000c\000o}{subsection.6.4}% 137
\BOOKMARK [3][]{subsubsection.6.4.4}{\376\377\0006\000.\0004\000.\0004\000.\000\040\000M\000\351\000t\000o\000d\000o\000s\000\040\000d\000e\000\040\000D\000i\000a\000g\000n\000\363\000s\000t\000i\000c\000o\000s\000\040\000C\000o\000m\000p\000l\000e\000m\000e\000n\000t\000a\000r\000i\000o\000s}{subsection.6.4}% 138
\BOOKMARK [2][]{subsection.6.5}{\376\377\0006\000.\0005\000.\000\040\000M\000\351\000t\000o\000d\000o\000s\000\040\000d\000e\000\040\000P\000r\000o\000t\000o\000c\000o\000l\000o\000s}{section.6}% 139
\BOOKMARK [3][]{subsubsection.6.5.1}{\376\377\0006\000.\0005\000.\0001\000.\000\040\000P\000r\000o\000t\000o\000c\000o\000l\000o\000s\000\040\000d\000e\000\040\000A\000s\000e\000p\000s\000i\000a}{subsection.6.5}% 140
\BOOKMARK [3][]{subsubsection.6.5.2}{\376\377\0006\000.\0005\000.\0002\000.\000\040\000P\000r\000o\000t\000o\000c\000o\000l\000o\000s\000\040\000A\000n\000e\000s\000t\000\351\000s\000i\000c\000o\000s}{subsection.6.5}% 141
\BOOKMARK [3][]{subsubsection.6.5.3}{\376\377\0006\000.\0005\000.\0003\000.\000\040\000P\000r\000o\000t\000o\000c\000o\000l\000o\000s\000\040\000d\000e\000\040\000C\000i\000r\000u\000g\000\355\000a}{subsection.6.5}% 142
\BOOKMARK [2][]{subsection.6.6}{\376\377\0006\000.\0006\000.\000\040\000M\000\351\000t\000o\000d\000o\000s\000\040\000d\000e\000\040\000A\000n\000\341\000l\000i\000s\000i\000s\000\040\000y\000\040\000D\000o\000c\000u\000m\000e\000n\000t\000a\000c\000i\000\363\000n\000\040\000d\000e\000\040\000R\000e\000s\000u\000l\000t\000a\000d\000o\000s}{section.6}% 143
\BOOKMARK [3][]{subsubsection.6.6.1}{\376\377\0006\000.\0006\000.\0001\000.\000\040\000T\000o\000m\000a\000\040\000y\000\040\000R\000e\000g\000i\000s\000t\000r\000o\000\040\000d\000e\000\040\000D\000a\000t\000o\000s}{subsection.6.6}% 144
\BOOKMARK [3][]{subsubsection.6.6.2}{\376\377\0006\000.\0006\000.\0002\000.\000\040\000A\000n\000\341\000l\000i\000s\000i\000s\000\040\000y\000\040\000S\000\355\000n\000t\000e\000s\000i\000s}{subsection.6.6}% 145
\BOOKMARK [3][]{subsubsection.6.6.3}{\376\377\0006\000.\0006\000.\0003\000.\000\040\000M\000\351\000t\000o\000d\000o\000\040\000E\000s\000t\000a\000d\000\355\000s\000t\000i\000c\000o}{subsection.6.6}% 146
\BOOKMARK [1][]{section.7}{\376\377\000V\000I\000I\000.\000\040\000M\000A\000T\000E\000R\000I\000A\000L\000E\000S}{}% 147
\BOOKMARK [1][]{section.8}{\376\377\000V\000I\000I\000I\000.\000\040\000R\000E\000S\000U\000L\000T\000A\000D\000O\000S}{}% 148
\BOOKMARK [2][]{subsection.8.1}{\376\377\0008\000.\0001\000.\000\040\000A\000n\000\341\000l\000i\000s\000i\000s\000\040\000G\000l\000o\000b\000a\000l}{section.8}% 149
\BOOKMARK [3][]{subsubsection.8.1.1}{\376\377\0008\000.\0001\000.\0001\000.\000\040\000C\000u\000a\000d\000r\000o\000\040\000N\000\272\000\040\0001\0002\000:\000\040\000A\000n\000\341\000l\000i\000s\000i\000s\000\040\000G\000l\000o\000b\000a\000l\000\040\000d\000e\000\040\000l\000a\000s\000\040\000A\000c\000t\000i\000v\000i\000d\000a\000d\000e\000s}{subsection.8.1}% 150
\BOOKMARK [4][]{paragraph.8.1.1.1}{\376\377\0008\000.\0001\000.\0001\000.\0001\000\040\000R\000e\000s\000u\000m\000e\000n\000\040\000G\000l\000o\000b\000a\000l\000\040\000d\000e\000\040\000C\000a\000s\000u\000\355\000s\000t\000i\000c\000a\000\040\000p\000o\000r\000\040\000T\000i\000p\000o\000\040\000d\000e\000\040\000I\000n\000t\000e\000r\000v\000e\000n\000c\000i\000\363\000n}{subsubsection.8.1.1}% 151
\BOOKMARK [4][]{paragraph.8.1.1.2}{\376\377\0008\000.\0001\000.\0001\000.\0002\000\040\000A\000n\000\341\000l\000i\000s\000i\000s\000\040\000p\000o\000r\000\040\000C\000a\000t\000e\000g\000o\000r\000\355\000a\000\040\000G\000l\000o\000b\000a\000l\000:}{subsubsection.8.1.1}% 152
\BOOKMARK [1][]{section.9}{\376\377\000I\000X\000.\000\040\000D\000I\000S\000C\000U\000S\000I\000\323\000N}{}% 153
\BOOKMARK [2][]{subsection.9.1}{\376\377\0009\000.\0001\000.\000\040\000I\000n\000c\000i\000d\000e\000n\000c\000i\000a\000\040\000d\000e\000\040\000E\000n\000f\000e\000r\000m\000e\000d\000a\000d\000e\000s\000\040\000V\000i\000r\000a\000l\000e\000s\000\040\000y\000\040\000P\000a\000t\000o\000l\000o\000g\000\355\000a\000s\000\040\000E\000n\000d\000\351\000m\000i\000c\000a\000s}{section.9}% 154
\BOOKMARK [2][]{subsection.9.2}{\376\377\0009\000.\0002\000.\000\040\000D\000e\000s\000a\000r\000r\000o\000l\000l\000o\000\040\000d\000e\000\040\000H\000a\000b\000i\000l\000i\000d\000a\000d\000e\000s\000\040\000Q\000u\000i\000r\000\372\000r\000g\000i\000c\000a\000s\000\040\000y\000\040\000A\000t\000e\000n\000c\000i\000\363\000n\000\040\000d\000e\000\040\000U\000r\000g\000e\000n\000c\000i\000a\000s}{section.9}% 155
\BOOKMARK [2][]{subsection.9.3}{\376\377\0009\000.\0003\000.\000\040\000A\000c\000t\000i\000v\000i\000d\000a\000d\000e\000s\000\040\000d\000e\000\040\000P\000r\000o\000f\000i\000l\000a\000x\000i\000s\000\040\000y\000\040\000C\000o\000n\000c\000i\000e\000n\000t\000i\000z\000a\000c\000i\000\363\000n\000\040\000\050\000V\000a\000c\000u\000n\000a\000c\000i\000\363\000n\000\040\000y\000\040\000D\000e\000s\000p\000a\000r\000a\000s\000i\000t\000a\000c\000i\000\363\000n\000\051}{section.9}% 156
\BOOKMARK [1][]{section.10}{\376\377\000X\000.\000\040\000C\000O\000N\000C\000L\000U\000S\000I\000O\000N\000E\000S}{}% 157
\BOOKMARK [1][]{section.11}{\376\377\000X\000I\000.\000\040\000R\000E\000C\000O\000M\000E\000N\000D\000A\000C\000I\000O\000N\000E\000S}{}% 158
\BOOKMARK [1][]{section.12}{\376\377\000X\000I\000I\000.\000\040\000B\000I\000B\000L\000I\000O\000G\000R\000A\000F\000\315\000A\000\040\000C\000O\000N\000S\000U\000L\000T\000A\000D\000A}{}% 159
